c:\users\jamie\desktop\xof_local\wolfx\gl_branch\debug\vc120.pdb
c:\users\jamie\desktop\xof_local\wolfx\gl_branch\debug\vc120.idb
c:\users\jamie\desktop\xof_local\wolfx\gl_branch\debug\xof_game.obj
c:\users\jamie\desktop\xof_local\wolfx\gl_branch\debug\xof_keyboard_sfml.obj
c:\users\jamie\desktop\xof_local\wolfx\gl_branch\debug\xof_mouse_sfml.obj
c:\users\jamie\desktop\xof_local\wolfx\gl_branch\debug\main.obj
c:\users\jamie\desktop\xof_local\wolfx\gl_branch\debug\xof_platforminfo.obj
c:\users\jamie\desktop\xof_local\wolfx\gl_branch\debug\xof_timer_windows.obj
c:\users\jamie\desktop\xof_local\wolfx\gl_branch\debug\xof_firstpersoncamera.obj
c:\users\jamie\desktop\xof_local\wolfx\gl_branch\debug\xof_geoprimitivegenerator.obj
c:\users\jamie\desktop\xof_local\wolfx\gl_branch\debug\xof_gpustate.obj
c:\users\jamie\desktop\xof_local\wolfx\gl_branch\debug\xof_material.obj
c:\users\jamie\desktop\xof_local\wolfx\gl_branch\debug\xof_materialmanager.obj
c:\users\jamie\desktop\xof_local\wolfx\gl_branch\debug\xof_mesh.obj
c:\users\jamie\desktop\xof_local\wolfx\gl_branch\debug\xof_meshmanager.obj
c:\users\jamie\desktop\xof_local\wolfx\gl_branch\debug\xof_renderer_opengl.obj
c:\users\jamie\desktop\xof_local\wolfx\gl_branch\debug\xof_shader.obj
c:\users\jamie\desktop\xof_local\wolfx\gl_branch\debug\xof_sprite.obj
c:\users\jamie\desktop\xof_local\wolfx\gl_branch\debug\xof_spritemanager.obj
c:\users\jamie\desktop\xof_local\wolfx\gl_branch\debug\xof_staticcamera.obj
c:\users\jamie\desktop\xof_local\wolfx\gl_branch\debug\xof_texture.obj
c:\users\jamie\desktop\xof_local\wolfx\gl_branch\debug\stb_image.obj
c:\users\jamie\desktop\xof_local\wolfx\gl_branch\debug\xof_audiomanager.obj
c:\users\jamie\desktop\xof_local\wolfx\gl_branch\debug\xof_music.obj
c:\users\jamie\desktop\xof_local\wolfx\gl_branch\debug\xof_soundeffect.obj
c:\users\jamie\desktop\xof_local\wolfx\gl_branch\debug\xof-ed_transformgizmo.obj
c:\users\jamie\desktop\xof_local\wolfx\gl_branch\debug\xof_gameobject.obj
c:\users\jamie\desktop\xof_local\wolfx\gl_branch\debug\wolfx.obj
c:\users\jamie\desktop\xof_local\wolfx\gl_branch\debug\wolfx_gameobjects.obj
c:\users\jamie\desktop\xof_local\wolfx\gl_branch\debug\xof.exe
c:\users\jamie\desktop\xof_local\wolfx\gl_branch\debug\xof.pdb
c:\users\jamie\desktop\xof_local\wolfx\gl_branch\debug\xof.tlog\cl.command.1.tlog
c:\users\jamie\desktop\xof_local\wolfx\gl_branch\debug\xof.tlog\cl.read.1.tlog
c:\users\jamie\desktop\xof_local\wolfx\gl_branch\debug\xof.tlog\cl.write.1.tlog
c:\users\jamie\desktop\xof_local\wolfx\gl_branch\debug\xof.tlog\link.command.1.tlog
c:\users\jamie\desktop\xof_local\wolfx\gl_branch\debug\xof.tlog\link.read.1.tlog
c:\users\jamie\desktop\xof_local\wolfx\gl_branch\debug\xof.tlog\link.write.1.tlog
